Roboman: Default constructor called...
Roboman: Default constructor called...
Listener: Setting x and y location...
Listener: Setting x location at 793
Roboman: X Location set to 793
Roboman: X Location set is true
Listener: Setting y location at 380
Roboman: Y Location set to 380
Roboman: Y Location set is true
Listener: Setting click location text.
Listener: Setting amount of clicks to 1
Roboman: Amount of clicks set to 1
Roboman: amount of clicks set is true
Listener: Setting delay to 123
Roboman: Delay set to 123
Roboman: Delay set is true
Listener: Starting auto click...
Roboman: Performing initial check for autoclick...
xLocSet: false
yLocSet: false
Delay Set: true
Amount of clicks set: true
