Roboman: Default constructor called...
Listener: Setting x and y location...
Listener: Setting x location at 663
Roboman: X Location set to 663
Roboman: X Location set is true
Listener: Setting y location at 430
Roboman: Y Location set to 430
Roboman: Y Location set is true
Listener: Setting click location text.
Listener: Setting amount of clicks to 34
Roboman: Amount of clicks set to 34
Roboman: amount of clicks set is true
Listener: Setting delay to 344
Roboman: Delay set to 344
Roboman: Delay set is true
Listener: Starting auto click...
Roboman: Performing initial check for autoclick...
xLocSet: true
yLocSet: true
Delay Set: true
Amount of clicks set: true
Roboman: Passed initial settings test.
Roboman: Checking settings with checkSettings method....
Roboman: Passed check settings... Starting auto click...
Roboman: Auto click started