Roboman: Default constructor called...
Listener: Setting x and y location...
Listener: Setting x location at 682
Roboman: X Location set to 682
Roboman: X Location set is true
Listener: Setting y location at 431
Roboman: Y Location set to 431
Roboman: Y Location set is true
Listener: Setting click location text.
Listener: Setting amount of clicks to 5
Roboman: Amount of clicks set to 5
Roboman: amount of clicks set is true
Listener: Setting delay to 200
Roboman: Delay set to 200
Roboman: Delay set is true
Listener: Starting auto click...
Roboman: Performing initial check for autoclick...
xLocSet: true
yLocSet: true
Delay Set: true
Amount of clicks set: true
Roboman: Passed initial settings test.
Roboman: Checking settings with checkSettings method....
Roboman: Passed check settings... Starting auto click...
Roboman: Creating timer for specified delay...
Roboman: Creating keybindings for escape sequence...
Roboman: Instantiating RobomanClicker class...
RobomanClicker: Constructor called...
RobomanClicker: Creating robot...
RobomanClicker: Robot created...
Roboman: Starting autoclick...
Click count: 0
RobomanClicker: Moving mouse...
RobomanClicker: Pressing down mouse button...
RobomanClicker: Releasing mouse button...
Click count: 1
RobomanClicker: Moving mouse...
RobomanClicker: Pressing down mouse button...
RobomanClicker: Releasing mouse button...
Click count: 2
RobomanClicker: Moving mouse...
RobomanClicker: Pressing down mouse button...
RobomanClicker: Releasing mouse button...
Click count: 3
RobomanClicker: Moving mouse...
RobomanClicker: Pressing down mouse button...
RobomanClicker: Releasing mouse button...
Click count: 4
RobomanClicker: Moving mouse...
RobomanClicker: Pressing down mouse button...
RobomanClicker: Releasing mouse button...
Roboman: Stopping timer...