Roboman: Default constructor called...
Listener: Setting x and y location...
Listener: Setting x location at 669
Roboman: X Location set to 669
Roboman: X Location set is true
Listener: Setting y location at 427
Roboman: Y Location set to 427
Roboman: Y Location set is true
Listener: Setting click location text.
Listener: Setting amount of clicks to 20
Roboman: Amount of clicks set to 20
Roboman: amount of clicks set is true
Listener: Setting delay to 1000
Roboman: Delay set to 1000
Roboman: Delay set is true
Listener: Starting auto click...
Roboman: Performing initial check for autoclick...
xLocSet: true
yLocSet: true
Delay Set: true
Amount of clicks set: true
Roboman: Passed initial settings test.
Roboman: Checking settings with checkSettings method....
Roboman: Passed check settings... Starting auto click...
Roboman: Creating timer for specified delay...
Roboman: Creating keybindings for escape sequence...
Roboman: Key binding set...
Roboman: Instantiating RobomanClicker class...
RobomanClicker: Constructor called...
RobomanClicker: Creating robot...
RobomanClicker: Robot created...
Roboman: Starting autoclick...
Click count: 0
RobomanClicker: Moving mouse...
RobomanClicker: Pressing down mouse button...
RobomanClicker: Releasing mouse button...
Click count: 1
RobomanClicker: Moving mouse...
RobomanClicker: Pressing down mouse button...
RobomanClicker: Releasing mouse button...
Listener: Setting amount of clicks to 20
Roboman: Amount of clicks set to 20
Roboman: amount of clicks set is true
Listener: Setting delay to 1000
Roboman: Delay set to 1000
Roboman: Delay set is true
Listener: Starting auto click...
Roboman: Performing initial check for autoclick...
xLocSet: true
yLocSet: true
Delay Set: true
Amount of clicks set: true
Roboman: Passed initial settings test.
Roboman: Checking settings with checkSettings method....
Roboman: Passed check settings... Starting auto click...
Roboman: Creating timer for specified delay...
Roboman: Creating keybindings for escape sequence...
Roboman: Key binding set...
Roboman: Instantiating RobomanClicker class...
RobomanClicker: Constructor called...
RobomanClicker: Creating robot...
RobomanClicker: Robot created...
Roboman: Starting autoclick...
Click count: 2
RobomanClicker: Moving mouse...
RobomanClicker: Pressing down mouse button...
RobomanClicker: Releasing mouse button...
Click count: 3
RobomanClicker: Moving mouse...
RobomanClicker: Pressing down mouse button...
RobomanClicker: Releasing mouse button...
Click count: 4
RobomanClicker: Moving mouse...
RobomanClicker: Pressing down mouse button...
RobomanClicker: Releasing mouse button...
Click count: 5
RobomanClicker: Moving mouse...
RobomanClicker: Pressing down mouse button...
RobomanClicker: Releasing mouse button...
Click count: 6
RobomanClicker: Moving mouse...
RobomanClicker: Pressing down mouse button...
RobomanClicker: Releasing mouse button...
Click count: 7
RobomanClicker: Moving mouse...
RobomanClicker: Pressing down mouse button...
RobomanClicker: Releasing mouse button...
Click count: 8
RobomanClicker: Moving mouse...
RobomanClicker: Pressing down mouse button...
RobomanClicker: Releasing mouse button...
 Click count: 9
RobomanClicker: Moving mouse...
RobomanClicker: Pressing down mouse button...
RobomanClicker: Releasing mouse button...
Click count: 10
RobomanClicker: Moving mouse...
RobomanClicker: Pressing down mouse button...
RobomanClicker: Releasing mouse button...
 Click count: 11
RobomanClicker: Moving mouse...
RobomanClicker: Pressing down mouse button...
RobomanClicker: Releasing mouse button...
Click count: 12
RobomanClicker: Moving mouse...
RobomanClicker: Pressing down mouse button...
RobomanClicker: Releasing mouse button...
 Click count: 13
RobomanClicker: Moving mouse...
RobomanClicker: Pressing down mouse button...
RobomanClicker: Releasing mouse button...
Click count: 14
RobomanClicker: Moving mouse...
RobomanClicker: Pressing down mouse button...
RobomanClicker: Releasing mouse button...
 Click count: 15
RobomanClicker: Moving mouse...
RobomanClicker: Pressing down mouse button...
RobomanClicker: Releasing mouse button...
 Click count: 16
RobomanClicker: Moving mouse...
RobomanClicker: Pressing down mouse button...
RobomanClicker: Releasing mouse button...
    Click count: 17
RobomanClicker: Moving mouse...
RobomanClicker: Pressing down mouse button...
RobomanClicker: Releasing mouse button...
 Click count: 18
RobomanClicker: Moving mouse...
RobomanClicker: Pressing down mouse button...
RobomanClicker: Releasing mouse button...
 Click count: 19
RobomanClicker: Moving mouse...
RobomanClicker: Pressing down mouse button...
RobomanClicker: Releasing mouse button...
Roboman: Stopping timer...
Resetting key bindings...
Click count: 0
RobomanClicker: Moving mouse...
RobomanClicker: Pressing down mouse button...
RobomanClicker: Releasing mouse button...
Click count: 1
RobomanClicker: Moving mouse...
RobomanClicker: Pressing down mouse button...
RobomanClicker: Releasing mouse button...
Click count: 2
RobomanClicker: Moving mouse...
RobomanClicker: Pressing down mouse button...
RobomanClicker: Releasing mouse button...
Click count: 3
RobomanClicker: Moving mouse...
RobomanClicker: Pressing down mouse button...
RobomanClicker: Releasing mouse button...
Click count: 4
RobomanClicker: Moving mouse...
RobomanClicker: Pressing down mouse button...
RobomanClicker: Releasing mouse button...
Click count: 5
RobomanClicker: Moving mouse...
RobomanClicker: Pressing down mouse button...
RobomanClicker: Releasing mouse button...
Click count: 6
RobomanClicker: Moving mouse...
RobomanClicker: Pressing down mouse button...
RobomanClicker: Releasing mouse button...
Click count: 7
RobomanClicker: Moving mouse...
RobomanClicker: Pressing down mouse button...
RobomanClicker: Releasing mouse button...
Click count: 8
RobomanClicker: Moving mouse...
RobomanClicker: Pressing down mouse button...
RobomanClicker: Releasing mouse button...
Click count: 9
RobomanClicker: Moving mouse...
RobomanClicker: Pressing down mouse button...
RobomanClicker: Releasing mouse button...
Click count: 10
RobomanClicker: Moving mouse...
RobomanClicker: Pressing down mouse button...
RobomanClicker: Releasing mouse button...
Click count: 11
RobomanClicker: Moving mouse...
RobomanClicker: Pressing down mouse button...
RobomanClicker: Releasing mouse button...
Click count: 12
RobomanClicker: Moving mouse...
RobomanClicker: Pressing down mouse button...
RobomanClicker: Releasing mouse button...
Click count: 13
RobomanClicker: Moving mouse...
RobomanClicker: Pressing down mouse button...
RobomanClicker: Releasing mouse button...
Click count: 14
RobomanClicker: Moving mouse...
RobomanClicker: Pressing down mouse button...
RobomanClicker: Releasing mouse button...
Click count: 15
RobomanClicker: Moving mouse...
RobomanClicker: Pressing down mouse button...
RobomanClicker: Releasing mouse button...
Click count: 16
RobomanClicker: Moving mouse...
RobomanClicker: Pressing down mouse button...
RobomanClicker: Releasing mouse button...
Click count: 17
RobomanClicker: Moving mouse...
RobomanClicker: Pressing down mouse button...
RobomanClicker: Releasing mouse button...
Click count: 18
RobomanClicker: Moving mouse...
RobomanClicker: Pressing down mouse button...
RobomanClicker: Releasing mouse button...
Listener: Setting amount of clicks to 20
Roboman: Amount of clicks set to 20
Roboman: amount of clicks set is true
Listener: Setting delay to 1000
Roboman: Delay set to 1000
Roboman: Delay set is true
Listener: Starting auto click...
Roboman: Performing initial check for autoclick...
xLocSet: true
yLocSet: true
Delay Set: true
Amount of clicks set: true
Roboman: Passed initial settings test.
Roboman: Checking settings with checkSettings method....
Roboman: Passed check settings... Starting auto click...
Roboman: Creating timer for specified delay...
Roboman: Creating keybindings for escape sequence...
Roboman: Key binding set...
Roboman: Instantiating RobomanClicker class...
RobomanClicker: Constructor called...
RobomanClicker: Creating robot...
RobomanClicker: Robot created...
Roboman: Starting autoclick...
Click count: 19
RobomanClicker: Moving mouse...
RobomanClicker: Pressing down mouse button...
RobomanClicker: Releasing mouse button...
Roboman: Stopping timer...
Resetting key bindings...
Click count: 0
RobomanClicker: Moving mouse...
RobomanClicker: Pressing down mouse button...
RobomanClicker: Releasing mouse button...
Click count: 1
RobomanClicker: Moving mouse...
RobomanClicker: Pressing down mouse button...
RobomanClicker: Releasing mouse button...
Click count: 2
RobomanClicker: Moving mouse...
RobomanClicker: Pressing down mouse button...
RobomanClicker: Releasing mouse button...
Click count: 3
RobomanClicker: Moving mouse...
RobomanClicker: Pressing down mouse button...
RobomanClicker: Releasing mouse button...
